<?xml version="1.0" encoding="UTF-8"?>
<testsuite xmlns:xsi="http://www.w3.org/2001/XMLSchema-instance" xsi:noNamespaceSchemaLocation="https://maven.apache.org/surefire/maven-surefire-plugin/xsd/surefire-test-report-3.0.xsd" version="3.0" name="com.DADCMP.DADCMP.DadcmpApplicationTests" time="8.174" tests="1" errors="0" skipped="0" failures="0">
  <properties>
[...]
</properties>
  <testcase name="contextLoads" classname="com.DADCMP.DADCMP.DadcmpApplicationTests" time="0.72">
    <system-out><![CDATA[15:41:50.867 [main] INFO org.springframework.test.context.support.AnnotationConfigContextLoaderUtils -- Could not detect default configuration classes for test class [com.DADCMP.DADCMP.DadcmpApplicationTests]: DadcmpApplicationTests does not declare any static, non-private, non-final, nested classes annotated with @Configuration.
15:41:51.003 [main] INFO org.springframework.boot.test.context.SpringBootTestContextBootstrapper -- Found @SpringBootConfiguration com.DADCMP.DADCMP.DadcmpApplication for test class com.DADCMP.DADCMP.DadcmpApplicationTests

  .   ____          _            __ _ _
 /\\ / ___'_ __ _ _(_)_ __  __ _ \ \ \ \
( ( )\___ | '_ | '_| | '_ \/ _` | \ \ \ \
 \\/  ___)| |_)| | | | | || (_| |  ) ) ) )
  '  |____| .__|_| |_|_| |_\__, | / / / /
 =========|_|==============|___/=/_/_/_/
 :: Spring Boot ::                (v3.1.5)

2026-04-18T15:41:51.690+05:30  INFO 28188 --- [           main] c.DADCMP.DADCMP.DadcmpApplicationTests   : Starting DadcmpApplicationTests using Java 17.0.12 with PID 28188 (started by suhaa in C:\Study Material\Projects\L&T\DADCMP\DADCMP)
2026-04-18T15:41:51.693+05:30  INFO 28188 --- [           main] c.DADCMP.DADCMP.DadcmpApplicationTests   : No active profile set, falling back to 1 default profile: "default"
2026-04-18T15:41:52.545+05:30  INFO 28188 --- [           main] .s.d.r.c.RepositoryConfigurationDelegate : Bootstrapping Spring Data JPA repositories in DEFAULT mode.
2026-04-18T15:41:52.647+05:30  INFO 28188 --- [           main] .s.d.r.c.RepositoryConfigurationDelegate : Finished Spring Data repository scanning in 90 ms. Found 5 JPA repository interfaces.
2026-04-18T15:41:53.355+05:30  INFO 28188 --- [           main] com.zaxxer.hikari.HikariDataSource       : HikariPool-1 - Starting...
2026-04-18T15:41:53.942+05:30  INFO 28188 --- [           main] com.zaxxer.hikari.pool.HikariPool        : HikariPool-1 - Added connection com.mysql.cj.jdbc.ConnectionImpl@7f5fcfe9
2026-04-18T15:41:53.945+05:30  INFO 28188 --- [           main] com.zaxxer.hikari.HikariDataSource       : HikariPool-1 - Start completed.
2026-04-18T15:41:54.039+05:30  INFO 28188 --- [           main] o.hibernate.jpa.internal.util.LogHelper  : HHH000204: Processing PersistenceUnitInfo [name: default]
2026-04-18T15:41:54.161+05:30  INFO 28188 --- [           main] org.hibernate.Version                    : HHH000412: Hibernate ORM core version 6.2.13.Final
2026-04-18T15:41:54.167+05:30  INFO 28188 --- [           main] org.hibernate.cfg.Environment            : HHH000406: Using bytecode reflection optimizer
2026-04-18T15:41:54.706+05:30  INFO 28188 --- [           main] o.s.o.j.p.SpringPersistenceUnitInfo      : No LoadTimeWeaver setup: ignoring JPA class transformer
2026-04-18T15:41:54.840+05:30  WARN 28188 --- [           main] org.hibernate.orm.deprecation            : HHH90000025: MySQL8Dialect does not need to be specified explicitly using 'hibernate.dialect' (remove the property setting and it will be selected by default)
2026-04-18T15:41:54.841+05:30  WARN 28188 --- [           main] org.hibernate.orm.deprecation            : HHH90000026: MySQL8Dialect has been deprecated; use org.hibernate.dialect.MySQLDialect instead
2026-04-18T15:41:56.119+05:30  INFO 28188 --- [           main] o.h.e.t.j.p.i.JtaPlatformInitiator       : HHH000489: No JTA platform available (set 'hibernate.transaction.jta.platform' to enable JTA platform integration)
2026-04-18T15:41:56.247+05:30  INFO 28188 --- [           main] j.LocalContainerEntityManagerFactoryBean : Initialized JPA EntityManagerFactory for persistence unit 'default'
2026-04-18T15:41:56.995+05:30  WARN 28188 --- [           main] JpaBaseConfiguration$JpaWebConfiguration : spring.jpa.open-in-view is enabled by default. Therefore, database queries may be performed during view rendering. Explicitly configure spring.jpa.open-in-view to disable this warning
2026-04-18T15:41:57.052+05:30  WARN 28188 --- [           main] .s.s.UserDetailsServiceAutoConfiguration : 

Using generated security password: 9fb94fc9-a5a1-43fe-9307-b3f33beba0b0

This generated password is for development use only. Your security configuration must be updated before running your application in production.

2026-04-18T15:41:57.230+05:30  INFO 28188 --- [           main] o.s.s.web.DefaultSecurityFilterChain     : Will secure any request with [org.springframework.security.web.session.DisableEncodeUrlFilter@73839f22, org.springframework.security.web.context.request.async.WebAsyncManagerIntegrationFilter@1512efe9, org.springframework.security.web.context.SecurityContextHolderFilter@530a46f4, org.springframework.security.web.header.HeaderWriterFilter@485547ac, org.springframework.security.web.authentication.logout.LogoutFilter@596d17f4, com.DADCMP.DADCMP.security.JwtFilter@50d91a0f, org.springframework.security.web.savedrequest.RequestCacheAwareFilter@62376bdd, org.springframework.security.web.servletapi.SecurityContextHolderAwareRequestFilter@52afcdd8, org.springframework.security.web.authentication.AnonymousAuthenticationFilter@7cc7e441, org.springframework.security.web.access.ExceptionTranslationFilter@6859bbd4, org.springframework.security.web.access.intercept.AuthorizationFilter@363a09a2]
2026-04-18T15:41:58.061+05:30  INFO 28188 --- [           main] c.DADCMP.DADCMP.DadcmpApplicationTests   : Started DadcmpApplicationTests in 6.801 seconds (process running for 8.13)
]]></system-out>
  </testcase>
</testsuite>